<?xml version="1.0" encoding="UTF-8"?>
<!-- Generated by org.testng.reporters.JUnitXMLReporter -->
<testsuite ignored="0" hostname="DESKTOP-4O0NNAF" failures="0" tests="5" name="Default test" time="45.952" errors="0" timestamp="2023-12-23T19:41:45 EET">
  <testcase classname="PackageName.testPage" name="creatAcount" time="9.57"/>
  <testcase classname="PackageName.testPage" name="Logout" time="5.923"/>
  <testcase classname="PackageName.testPage" name="Login" time="6.201"/>
  <testcase classname="PackageName.testPage" name="allIteams" time="22.646"/>
  <testcase classname="PackageName.testPage" name="footer" time="1.353"/>
</testsuite> <!-- Default test -->
